# JRE version: OpenJDK Runtime Environment (21.0.4) (build 21.0.4+-12508038-b607.1)
# Java VM: OpenJDK 64-Bit Server VM (21.0.4+-12508038-b607.1, mixed mode, tiered, compressed oops, compressed class ptrs, g1 gc, windows-amd64)
GC Precious Log:
 CardTable entry size: 512
 Card Set container configuration: InlinePtr #cards 5 size 8 Array Of Cards #cards 12 size 40 Howl #buckets 4 coarsen threshold 1843 Howl Bitmap #cards 512 size 80 coarsen threshold 460 Card regions per heap region 1 cards per card region 2048
 CPUs: 8 total, 8 available
 Memory: 8029M
 Large Page Support: Disabled
 NUMA Support: Disabled
 Compressed Oops: Enabled (32-bit)
 Heap Region Size: 1M
 Heap Min Capacity: 8M
 Heap Initial Capacity: 126M
 Heap Max Capacity: 2G
 Pre-touch: Disabled
 Parallel Workers: 8
 Concurrent Workers: 2
 Concurrent Refinement Workers: 8
 Periodic GC: Disabled
Heap:
 garbage-first heap   total 311296K, used 214638K [0x0000000080000000, 0x0000000100000000)
  region size 1024K, 37 young (37888K), 7 survivors (7168K)
 Metaspace       used 123374K, committed 125504K, reserved 1179648K
  class space    used 16534K, committed 17600K, reserved 1048576K
GC Heap History (20 events):
Event: 14.693 GC heap before
{Heap before GC invocations=40 (full 0):
 garbage-first heap   total 174080K, used 147662K [0x0000000080000000, 0x0000000100000000)
  region size 1024K, 49 young (50176K), 5 survivors (5120K)
 Metaspace       used 101404K, committed 103488K, reserved 1179648K
  class space    used 13845K, committed 14912K, reserved 1048576K
}
Event: 14.698 GC heap after
{Heap after GC invocations=41 (full 0):
 garbage-first heap   total 174080K, used 105559K [0x0000000080000000, 0x0000000100000000)
  region size 1024K, 5 young (5120K), 5 survivors (5120K)
 Metaspace       used 101404K, committed 103488K, reserved 1179648K
  class space    used 13845K, committed 14912K, reserved 1048576K
}
Event: 15.289 GC heap before
{Heap before GC invocations=41 (full 0):
 garbage-first heap   total 174080K, used 158807K [0x0000000080000000, 0x0000000100000000)
  region size 1024K, 57 young (58368K), 5 survivors (5120K)
 Metaspace       used 105336K, committed 107392K, reserved 1179648K
  class space    used 14389K, committed 15424K, reserved 1048576K
}
Event: 15.296 GC heap after
{Heap after GC invocations=42 (full 0):
 garbage-first heap   total 208896K, used 106684K [0x0000000080000000, 0x0000000100000000)
  region size 1024K, 6 young (6144K), 6 survivors (6144K)
 Metaspace       used 105336K, committed 107392K, reserved 1179648K
  class space    used 14389K, committed 15424K, reserved 1048576K
}
Event: 16.098 GC heap before
{Heap before GC invocations=42 (full 0):
 garbage-first heap   total 208896K, used 185532K [0x0000000080000000, 0x0000000100000000)
  region size 1024K, 84 young (86016K), 6 survivors (6144K)
 Metaspace       used 111051K, committed 113152K, reserved 1179648K
  class space    used 15112K, committed 16192K, reserved 1048576K
}
Event: 16.107 GC heap after
{Heap after GC invocations=43 (full 0):
 garbage-first heap   total 208896K, used 113725K [0x0000000080000000, 0x0000000100000000)
  region size 1024K, 11 young (11264K), 11 survivors (11264K)
 Metaspace       used 111051K, committed 113152K, reserved 1179648K
  class space    used 15112K, committed 16192K, reserved 1048576K
}
Event: 16.136 GC heap before
{Heap before GC invocations=43 (full 0):
 garbage-first heap   total 208896K, used 115773K [0x0000000080000000, 0x0000000100000000)
  region size 1024K, 15 young (15360K), 11 survivors (11264K)
 Metaspace       used 111275K, committed 113408K, reserved 1179648K
  class space    used 15136K, committed 16192K, reserved 1048576K
}
Event: 16.143 GC heap after
{Heap after GC invocations=44 (full 0):
 garbage-first heap   total 208896K, used 116179K [0x0000000080000000, 0x0000000100000000)
  region size 1024K, 2 young (2048K), 2 survivors (2048K)
 Metaspace       used 111275K, committed 113408K, reserved 1179648K
  class space    used 15136K, committed 16192K, reserved 1048576K
}
Event: 17.009 GC heap before
{Heap before GC invocations=45 (full 0):
 garbage-first heap   total 208896K, used 195027K [0x0000000080000000, 0x0000000100000000)
  region size 1024K, 74 young (75776K), 2 survivors (2048K)
 Metaspace       used 114898K, committed 117056K, reserved 1179648K
  class space    used 15594K, committed 16704K, reserved 1048576K
}
Event: 17.017 GC heap after
{Heap after GC invocations=46 (full 0):
 garbage-first heap   total 208896K, used 122234K [0x0000000080000000, 0x0000000100000000)
  region size 1024K, 8 young (8192K), 8 survivors (8192K)
 Metaspace       used 114898K, committed 117056K, reserved 1179648K
  class space    used 15594K, committed 16704K, reserved 1048576K
}
Event: 17.418 GC heap before
{Heap before GC invocations=46 (full 0):
 garbage-first heap   total 208896K, used 188794K [0x0000000080000000, 0x0000000100000000)
  region size 1024K, 73 young (74752K), 8 survivors (8192K)
 Metaspace       used 114916K, committed 117056K, reserved 1179648K
  class space    used 15596K, committed 16704K, reserved 1048576K
}
Event: 17.426 GC heap after
{Heap after GC invocations=47 (full 0):
 garbage-first heap   total 208896K, used 123744K [0x0000000080000000, 0x0000000100000000)
  region size 1024K, 5 young (5120K), 5 survivors (5120K)
 Metaspace       used 114916K, committed 117056K, reserved 1179648K
  class space    used 15596K, committed 16704K, reserved 1048576K
}
Event: 17.852 GC heap before
{Heap before GC invocations=47 (full 0):
 garbage-first heap   total 208896K, used 180064K [0x0000000080000000, 0x0000000100000000)
  region size 1024K, 62 young (63488K), 5 survivors (5120K)
 Metaspace       used 115442K, committed 117568K, reserved 1179648K
  class space    used 15675K, committed 16768K, reserved 1048576K
}
Event: 17.858 GC heap after
{Heap after GC invocations=48 (full 0):
 garbage-first heap   total 208896K, used 126786K [0x0000000080000000, 0x0000000100000000)
  region size 1024K, 8 young (8192K), 8 survivors (8192K)
 Metaspace       used 115442K, committed 117568K, reserved 1179648K
  class space    used 15675K, committed 16768K, reserved 1048576K
}
Event: 18.802 GC heap before
{Heap before GC invocations=49 (full 0):
 garbage-first heap   total 215040K, used 190274K [0x0000000080000000, 0x0000000100000000)
  region size 1024K, 69 young (70656K), 8 survivors (8192K)
 Metaspace       used 118408K, committed 120512K, reserved 1179648K
  class space    used 16026K, committed 17088K, reserved 1048576K
}
Event: 18.822 GC heap after
{Heap after GC invocations=50 (full 0):
 garbage-first heap   total 223232K, used 148774K [0x0000000080000000, 0x0000000100000000)
  region size 1024K, 9 young (9216K), 9 survivors (9216K)
 Metaspace       used 118408K, committed 120512K, reserved 1179648K
  class space    used 16026K, committed 17088K, reserved 1048576K
}
Event: 19.249 GC heap before
{Heap before GC invocations=50 (full 0):
 garbage-first heap   total 223232K, used 199974K [0x0000000080000000, 0x0000000100000000)
  region size 1024K, 53 young (54272K), 9 survivors (9216K)
 Metaspace       used 120070K, committed 122240K, reserved 1179648K
  class space    used 16249K, committed 17344K, reserved 1048576K
}
Event: 19.259 GC heap after
{Heap after GC invocations=51 (full 0):
 garbage-first heap   total 223232K, used 152275K [0x0000000080000000, 0x0000000100000000)
  region size 1024K, 5 young (5120K), 5 survivors (5120K)
 Metaspace       used 120070K, committed 122240K, reserved 1179648K
  class space    used 16249K, committed 17344K, reserved 1048576K
}
Event: 19.561 GC heap before
{Heap before GC invocations=51 (full 0):
 garbage-first heap   total 223232K, used 176851K [0x0000000080000000, 0x0000000100000000)
  region size 1024K, 30 young (30720K), 5 survivors (5120K)
 Metaspace       used 121105K, committed 123264K, reserved 1179648K
  class space    used 16329K, committed 17408K, reserved 1048576K
}
Event: 19.567 GC heap after
{Heap after GC invocations=52 (full 0):
 garbage-first heap   total 223232K, used 160366K [0x0000000080000000, 0x0000000100000000)
  region size 1024K, 7 young (7168K), 7 survivors (7168K)
 Metaspace       used 121105K, committed 123264K, reserved 1179648K
  class space    used 16329K, committed 17408K, reserved 1048576K
}

