# JRE version: OpenJDK Runtime Environment (21.0.4) (build 21.0.4+-12508038-b607.1)
# Java VM: OpenJDK 64-Bit Server VM (21.0.4+-12508038-b607.1, mixed mode, tiered, compressed oops, compressed class ptrs, g1 gc, windows-amd64)
GC Precious Log:
 CardTable entry size: 512
 Card Set container configuration: InlinePtr #cards 5 size 8 Array Of Cards #cards 12 size 40 Howl #buckets 4 coarsen threshold 1843 Howl Bitmap #cards 512 size 80 coarsen threshold 460 Card regions per heap region 1 cards per card region 2048
 CPUs: 8 total, 8 available
 Memory: 8029M
 Large Page Support: Disabled
 NUMA Support: Disabled
 Compressed Oops: Enabled (32-bit)
 Heap Region Size: 1M
 Heap Min Capacity: 8M
 Heap Initial Capacity: 126M
 Heap Max Capacity: 2G
 Pre-touch: Disabled
 Parallel Workers: 8
 Concurrent Workers: 2
 Concurrent Refinement Workers: 8
 Periodic GC: Disabled
Heap:
 garbage-first heap   total 135168K, used 83503K [0x0000000080000000, 0x0000000100000000)
  region size 1024K, 16 young (16384K), 1 survivors (1024K)
 Metaspace       used 68617K, committed 70400K, reserved 1114112K
  class space    used 9330K, committed 10240K, reserved 1048576K
GC Heap History (20 events):
Event: 5.606 GC heap before
{Heap before GC invocations=10 (full 0):
 garbage-first heap   total 90112K, used 75546K [0x0000000080000000, 0x0000000100000000)
  region size 1024K, 51 young (52224K), 7 survivors (7168K)
 Metaspace       used 46516K, committed 47744K, reserved 1114112K
  class space    used 6210K, committed 6848K, reserved 1048576K
}
Event: 5.613 GC heap after
{Heap after GC invocations=11 (full 0):
 garbage-first heap   total 90112K, used 34348K [0x0000000080000000, 0x0000000100000000)
  region size 1024K, 3 young (3072K), 3 survivors (3072K)
 Metaspace       used 46516K, committed 47744K, reserved 1114112K
  class space    used 6210K, committed 6848K, reserved 1048576K
}
Event: 6.094 GC heap before
{Heap before GC invocations=11 (full 0):
 garbage-first heap   total 90112K, used 77356K [0x0000000080000000, 0x0000000100000000)
  region size 1024K, 46 young (47104K), 3 survivors (3072K)
 Metaspace       used 51199K, committed 52608K, reserved 1114112K
  class space    used 6980K, committed 7680K, reserved 1048576K
}
Event: 6.098 GC heap after
{Heap after GC invocations=12 (full 0):
 garbage-first heap   total 108544K, used 36544K [0x0000000080000000, 0x0000000100000000)
  region size 1024K, 6 young (6144K), 6 survivors (6144K)
 Metaspace       used 51199K, committed 52608K, reserved 1114112K
  class space    used 6980K, committed 7680K, reserved 1048576K
}
Event: 6.721 GC heap before
{Heap before GC invocations=12 (full 0):
 garbage-first heap   total 108544K, used 89792K [0x0000000080000000, 0x0000000100000000)
  region size 1024K, 58 young (59392K), 6 survivors (6144K)
 Metaspace       used 59431K, committed 60928K, reserved 1114112K
  class space    used 8049K, committed 8832K, reserved 1048576K
}
Event: 6.727 GC heap after
{Heap after GC invocations=13 (full 0):
 garbage-first heap   total 108544K, used 39272K [0x0000000080000000, 0x0000000100000000)
  region size 1024K, 6 young (6144K), 6 survivors (6144K)
 Metaspace       used 59431K, committed 60928K, reserved 1114112K
  class space    used 8049K, committed 8832K, reserved 1048576K
}
Event: 7.608 GC heap before
{Heap before GC invocations=14 (full 0):
 garbage-first heap   total 108544K, used 95592K [0x0000000080000000, 0x0000000100000000)
  region size 1024K, 61 young (62464K), 6 survivors (6144K)
 Metaspace       used 65622K, committed 67328K, reserved 1114112K
  class space    used 8979K, committed 9856K, reserved 1048576K
}
Event: 7.615 GC heap after
{Heap after GC invocations=15 (full 0):
 garbage-first heap   total 108544K, used 44302K [0x0000000080000000, 0x0000000100000000)
  region size 1024K, 8 young (8192K), 8 survivors (8192K)
 Metaspace       used 65622K, committed 67328K, reserved 1114112K
  class space    used 8979K, committed 9856K, reserved 1048576K
}
Event: 8.239 GC heap before
{Heap before GC invocations=15 (full 0):
 garbage-first heap   total 108544K, used 92430K [0x0000000080000000, 0x0000000100000000)
  region size 1024K, 56 young (57344K), 8 survivors (8192K)
 Metaspace       used 66698K, committed 68416K, reserved 1114112K
  class space    used 9090K, committed 9984K, reserved 1048576K
}
Event: 8.248 GC heap after
{Heap after GC invocations=16 (full 0):
 garbage-first heap   total 108544K, used 49850K [0x0000000080000000, 0x0000000100000000)
  region size 1024K, 7 young (7168K), 7 survivors (7168K)
 Metaspace       used 66698K, committed 68416K, reserved 1114112K
  class space    used 9090K, committed 9984K, reserved 1048576K
}
Event: 8.518 GC heap before
{Heap before GC invocations=16 (full 0):
 garbage-first heap   total 108544K, used 93882K [0x0000000080000000, 0x0000000100000000)
  region size 1024K, 51 young (52224K), 7 survivors (7168K)
 Metaspace       used 67105K, committed 68800K, reserved 1114112K
  class space    used 9115K, committed 9984K, reserved 1048576K
}
Event: 8.523 GC heap after
{Heap after GC invocations=17 (full 0):
 garbage-first heap   total 108544K, used 51483K [0x0000000080000000, 0x0000000100000000)
  region size 1024K, 5 young (5120K), 5 survivors (5120K)
 Metaspace       used 67105K, committed 68800K, reserved 1114112K
  class space    used 9115K, committed 9984K, reserved 1048576K
}
Event: 8.689 GC heap before
{Heap before GC invocations=17 (full 0):
 garbage-first heap   total 108544K, used 93467K [0x0000000080000000, 0x0000000100000000)
  region size 1024K, 47 young (48128K), 5 survivors (5120K)
 Metaspace       used 67212K, committed 68864K, reserved 1114112K
  class space    used 9115K, committed 9984K, reserved 1048576K
}
Event: 8.692 GC heap after
{Heap after GC invocations=18 (full 0):
 garbage-first heap   total 108544K, used 52829K [0x0000000080000000, 0x0000000100000000)
  region size 1024K, 4 young (4096K), 4 survivors (4096K)
 Metaspace       used 67212K, committed 68864K, reserved 1114112K
  class space    used 9115K, committed 9984K, reserved 1048576K
}
Event: 8.850 GC heap before
{Heap before GC invocations=19 (full 0):
 garbage-first heap   total 108544K, used 94813K [0x0000000080000000, 0x0000000100000000)
  region size 1024K, 46 young (47104K), 4 survivors (4096K)
 Metaspace       used 67222K, committed 68928K, reserved 1114112K
  class space    used 9116K, committed 9984K, reserved 1048576K
}
Event: 8.854 GC heap after
{Heap after GC invocations=20 (full 0):
 garbage-first heap   total 108544K, used 54465K [0x0000000080000000, 0x0000000100000000)
  region size 1024K, 5 young (5120K), 5 survivors (5120K)
 Metaspace       used 67222K, committed 68928K, reserved 1114112K
  class space    used 9116K, committed 9984K, reserved 1048576K
}
Event: 9.067 GC heap before
{Heap before GC invocations=20 (full 0):
 garbage-first heap   total 108544K, used 101569K [0x0000000080000000, 0x0000000100000000)
  region size 1024K, 46 young (47104K), 5 survivors (5120K)
 Metaspace       used 67807K, committed 69568K, reserved 1114112K
  class space    used 9208K, committed 10112K, reserved 1048576K
}
Event: 9.072 GC heap after
{Heap after GC invocations=21 (full 0):
 garbage-first heap   total 112640K, used 62492K [0x0000000080000000, 0x0000000100000000)
  region size 1024K, 6 young (6144K), 6 survivors (6144K)
 Metaspace       used 67807K, committed 69568K, reserved 1114112K
  class space    used 9208K, committed 10112K, reserved 1048576K
}
Event: 9.088 GC heap before
{Heap before GC invocations=21 (full 0):
 garbage-first heap   total 112640K, used 63516K [0x0000000080000000, 0x0000000100000000)
  region size 1024K, 8 young (8192K), 6 survivors (6144K)
 Metaspace       used 67945K, committed 69696K, reserved 1114112K
  class space    used 9232K, committed 10112K, reserved 1048576K
}
Event: 9.093 GC heap after
{Heap after GC invocations=22 (full 0):
 garbage-first heap   total 135168K, used 63023K [0x0000000080000000, 0x0000000100000000)
  region size 1024K, 1 young (1024K), 1 survivors (1024K)
 Metaspace       used 67945K, committed 69696K, reserved 1114112K
  class space    used 9232K, committed 10112K, reserved 1048576K
}

