# JRE version: OpenJDK Runtime Environment (21.0.4) (build 21.0.4+-12508038-b607.1)
# Java VM: OpenJDK 64-Bit Server VM (21.0.4+-12508038-b607.1, mixed mode, tiered, compressed oops, compressed class ptrs, g1 gc, windows-amd64)
GC Precious Log:
 CardTable entry size: 512
 Card Set container configuration: InlinePtr #cards 5 size 8 Array Of Cards #cards 12 size 40 Howl #buckets 4 coarsen threshold 1843 Howl Bitmap #cards 512 size 80 coarsen threshold 460 Card regions per heap region 1 cards per card region 2048
 CPUs: 8 total, 8 available
 Memory: 8029M
 Large Page Support: Disabled
 NUMA Support: Disabled
 Compressed Oops: Enabled (32-bit)
 Heap Region Size: 1M
 Heap Min Capacity: 8M
 Heap Initial Capacity: 126M
 Heap Max Capacity: 2G
 Pre-touch: Disabled
 Parallel Workers: 8
 Concurrent Workers: 2
 Concurrent Refinement Workers: 8
 Periodic GC: Disabled
Heap:
 garbage-first heap   total 216064K, used 161792K [0x0000000080000000, 0x0000000100000000)
  region size 1024K, 14 young (14336K), 7 survivors (7168K)
 Metaspace       used 120742K, committed 122880K, reserved 1179648K
  class space    used 16295K, committed 17408K, reserved 1048576K
GC Heap History (20 events):
Event: 13.314 GC heap before
{Heap before GC invocations=35 (full 0):
 garbage-first heap   total 178176K, used 157243K [0x0000000080000000, 0x0000000100000000)
  region size 1024K, 61 young (62464K), 3 survivors (3072K)
 Metaspace       used 97065K, committed 99072K, reserved 1179648K
  class space    used 13212K, committed 14208K, reserved 1048576K
}
Event: 13.318 GC heap after
{Heap after GC invocations=36 (full 0):
 garbage-first heap   total 178176K, used 98621K [0x0000000080000000, 0x0000000100000000)
  region size 1024K, 5 young (5120K), 5 survivors (5120K)
 Metaspace       used 97065K, committed 99072K, reserved 1179648K
  class space    used 13212K, committed 14208K, reserved 1048576K
}
Event: 14.005 GC heap before
{Heap before GC invocations=36 (full 0):
 garbage-first heap   total 178176K, used 161085K [0x0000000080000000, 0x0000000100000000)
  region size 1024K, 66 young (67584K), 5 survivors (5120K)
 Metaspace       used 101262K, committed 103296K, reserved 1179648K
  class space    used 13824K, committed 14848K, reserved 1048576K
}
Event: 14.010 GC heap after
{Heap after GC invocations=37 (full 0):
 garbage-first heap   total 178176K, used 101537K [0x0000000080000000, 0x0000000100000000)
  region size 1024K, 8 young (8192K), 8 survivors (8192K)
 Metaspace       used 101262K, committed 103296K, reserved 1179648K
  class space    used 13824K, committed 14848K, reserved 1048576K
}
Event: 14.832 GC heap before
{Heap before GC invocations=37 (full 0):
 garbage-first heap   total 178176K, used 158881K [0x0000000080000000, 0x0000000100000000)
  region size 1024K, 64 young (65536K), 8 survivors (8192K)
 Metaspace       used 105528K, committed 107648K, reserved 1179648K
  class space    used 14418K, committed 15488K, reserved 1048576K
}
Event: 14.839 GC heap after
{Heap after GC invocations=38 (full 0):
 garbage-first heap   total 178176K, used 103968K [0x0000000080000000, 0x0000000100000000)
  region size 1024K, 7 young (7168K), 7 survivors (7168K)
 Metaspace       used 105528K, committed 107648K, reserved 1179648K
  class space    used 14418K, committed 15488K, reserved 1048576K
}
Event: 15.360 GC heap before
{Heap before GC invocations=38 (full 0):
 garbage-first heap   total 178176K, used 160288K [0x0000000080000000, 0x0000000100000000)
  region size 1024K, 62 young (63488K), 7 survivors (7168K)
 Metaspace       used 109879K, committed 112000K, reserved 1179648K
  class space    used 14995K, committed 16064K, reserved 1048576K
}
Event: 15.368 GC heap after
{Heap after GC invocations=39 (full 0):
 garbage-first heap   total 178176K, used 108310K [0x0000000080000000, 0x0000000100000000)
  region size 1024K, 8 young (8192K), 8 survivors (8192K)
 Metaspace       used 109879K, committed 112000K, reserved 1179648K
  class space    used 14995K, committed 16064K, reserved 1048576K
}
Event: 16.041 GC heap before
{Heap before GC invocations=40 (full 0):
 garbage-first heap   total 183296K, used 162582K [0x0000000080000000, 0x0000000100000000)
  region size 1024K, 57 young (58368K), 8 survivors (8192K)
 Metaspace       used 114248K, committed 116416K, reserved 1179648K
  class space    used 15550K, committed 16640K, reserved 1048576K
}
Event: 16.050 GC heap after
{Heap after GC invocations=41 (full 0):
 garbage-first heap   total 183296K, used 114166K [0x0000000080000000, 0x0000000100000000)
  region size 1024K, 8 young (8192K), 8 survivors (8192K)
 Metaspace       used 114248K, committed 116416K, reserved 1179648K
  class space    used 15550K, committed 16640K, reserved 1048576K
}
Event: 16.489 GC heap before
{Heap before GC invocations=41 (full 0):
 garbage-first heap   total 183296K, used 164342K [0x0000000080000000, 0x0000000100000000)
  region size 1024K, 57 young (58368K), 8 survivors (8192K)
 Metaspace       used 114869K, committed 117056K, reserved 1179648K
  class space    used 15589K, committed 16704K, reserved 1048576K
}
Event: 16.502 GC heap after
{Heap after GC invocations=42 (full 0):
 garbage-first heap   total 183296K, used 119062K [0x0000000080000000, 0x0000000100000000)
  region size 1024K, 6 young (6144K), 6 survivors (6144K)
 Metaspace       used 114869K, committed 117056K, reserved 1179648K
  class space    used 15589K, committed 16704K, reserved 1048576K
}
Event: 16.852 GC heap before
{Heap before GC invocations=42 (full 0):
 garbage-first heap   total 183296K, used 165142K [0x0000000080000000, 0x0000000100000000)
  region size 1024K, 52 young (53248K), 6 survivors (6144K)
 Metaspace       used 114880K, committed 117056K, reserved 1179648K
  class space    used 15590K, committed 16704K, reserved 1048576K
}
Event: 16.856 GC heap after
{Heap after GC invocations=43 (full 0):
 garbage-first heap   total 183296K, used 121297K [0x0000000080000000, 0x0000000100000000)
  region size 1024K, 4 young (4096K), 4 survivors (4096K)
 Metaspace       used 114880K, committed 117056K, reserved 1179648K
  class space    used 15590K, committed 16704K, reserved 1048576K
}
Event: 17.283 GC heap before
{Heap before GC invocations=44 (full 0):
 garbage-first heap   total 203776K, used 166353K [0x0000000080000000, 0x0000000100000000)
  region size 1024K, 49 young (50176K), 4 survivors (4096K)
 Metaspace       used 114908K, committed 117056K, reserved 1179648K
  class space    used 15591K, committed 16704K, reserved 1048576K
}
Event: 17.288 GC heap after
{Heap after GC invocations=45 (full 0):
 garbage-first heap   total 203776K, used 122966K [0x0000000080000000, 0x0000000100000000)
  region size 1024K, 6 young (6144K), 6 survivors (6144K)
 Metaspace       used 114908K, committed 117056K, reserved 1179648K
  class space    used 15591K, committed 16704K, reserved 1048576K
}
Event: 18.062 GC heap before
{Heap before GC invocations=45 (full 0):
 garbage-first heap   total 203776K, used 187478K [0x0000000080000000, 0x0000000100000000)
  region size 1024K, 67 young (68608K), 6 survivors (6144K)
 Metaspace       used 117549K, committed 119680K, reserved 1179648K
  class space    used 15931K, committed 17024K, reserved 1048576K
}
Event: 18.078 GC heap after
{Heap after GC invocations=46 (full 0):
 garbage-first heap   total 216064K, used 139750K [0x0000000080000000, 0x0000000100000000)
  region size 1024K, 9 young (9216K), 9 survivors (9216K)
 Metaspace       used 117549K, committed 119680K, reserved 1179648K
  class space    used 15931K, committed 17024K, reserved 1048576K
}
Event: 18.608 GC heap before
{Heap before GC invocations=46 (full 0):
 garbage-first heap   total 216064K, used 185830K [0x0000000080000000, 0x0000000100000000)
  region size 1024K, 54 young (55296K), 9 survivors (9216K)
 Metaspace       used 120724K, committed 122880K, reserved 1179648K
  class space    used 16295K, committed 17408K, reserved 1048576K
}
Event: 18.619 GC heap after
{Heap after GC invocations=47 (full 0):
 garbage-first heap   total 216064K, used 149504K [0x0000000080000000, 0x0000000100000000)
  region size 1024K, 7 young (7168K), 7 survivors (7168K)
 Metaspace       used 120724K, committed 122880K, reserved 1179648K
  class space    used 16295K, committed 17408K, reserved 1048576K
}

