# JRE version: OpenJDK Runtime Environment (21.0.4) (build 21.0.4+-12508038-b607.1)
# Java VM: OpenJDK 64-Bit Server VM (21.0.4+-12508038-b607.1, mixed mode, tiered, compressed oops, compressed class ptrs, g1 gc, windows-amd64)
GC Precious Log:
 CardTable entry size: 512
 Card Set container configuration: InlinePtr #cards 5 size 8 Array Of Cards #cards 12 size 40 Howl #buckets 4 coarsen threshold 1843 Howl Bitmap #cards 512 size 80 coarsen threshold 460 Card regions per heap region 1 cards per card region 2048
 CPUs: 8 total, 8 available
 Memory: 8029M
 Large Page Support: Disabled
 NUMA Support: Disabled
 Compressed Oops: Enabled (32-bit)
 Heap Region Size: 1M
 Heap Min Capacity: 8M
 Heap Initial Capacity: 126M
 Heap Max Capacity: 2G
 Pre-touch: Disabled
 Parallel Workers: 8
 Concurrent Workers: 2
 Concurrent Refinement Workers: 8
 Periodic GC: Disabled
Heap:
 garbage-first heap   total 283648K, used 245683K [0x0000000080000000, 0x0000000100000000)
  region size 1024K, 90 young (92160K), 11 survivors (11264K)
 Metaspace       used 125881K, committed 128064K, reserved 1179648K
  class space    used 16707K, committed 17792K, reserved 1048576K
GC Heap History (20 events):
Event: 11.416 GC heap before
{Heap before GC invocations=34 (full 0):
 garbage-first heap   total 193536K, used 171551K [0x0000000080000000, 0x0000000100000000)
  region size 1024K, 75 young (76800K), 10 survivors (10240K)
 Metaspace       used 110310K, committed 112384K, reserved 1179648K
  class space    used 15051K, committed 16128K, reserved 1048576K
}
Event: 11.428 GC heap after
{Heap after GC invocations=35 (full 0):
 garbage-first heap   total 193536K, used 109074K [0x0000000080000000, 0x0000000100000000)
  region size 1024K, 10 young (10240K), 10 survivors (10240K)
 Metaspace       used 110310K, committed 112384K, reserved 1179648K
  class space    used 15051K, committed 16128K, reserved 1048576K
}
Event: 11.568 GC heap before
{Heap before GC invocations=35 (full 0):
 garbage-first heap   total 193536K, used 123410K [0x0000000080000000, 0x0000000100000000)
  region size 1024K, 26 young (26624K), 10 survivors (10240K)
 Metaspace       used 111197K, committed 113280K, reserved 1179648K
  class space    used 15124K, committed 16192K, reserved 1048576K
}
Event: 11.576 GC heap after
{Heap after GC invocations=36 (full 0):
 garbage-first heap   total 193536K, used 113925K [0x0000000080000000, 0x0000000100000000)
  region size 1024K, 5 young (5120K), 5 survivors (5120K)
 Metaspace       used 111197K, committed 113280K, reserved 1179648K
  class space    used 15124K, committed 16192K, reserved 1048576K
}
Event: 12.433 GC heap before
{Heap before GC invocations=37 (full 0):
 garbage-first heap   total 199680K, used 180485K [0x0000000080000000, 0x0000000100000000)
  region size 1024K, 66 young (67584K), 5 survivors (5120K)
 Metaspace       used 114833K, committed 116992K, reserved 1179648K
  class space    used 15582K, committed 16704K, reserved 1048576K
}
Event: 12.440 GC heap after
{Heap after GC invocations=38 (full 0):
 garbage-first heap   total 199680K, used 119808K [0x0000000080000000, 0x0000000100000000)
  region size 1024K, 9 young (9216K), 9 survivors (9216K)
 Metaspace       used 114833K, committed 116992K, reserved 1179648K
  class space    used 15582K, committed 16704K, reserved 1048576K
}
Event: 12.621 GC heap before
{Heap before GC invocations=38 (full 0):
 garbage-first heap   total 199680K, used 179200K [0x0000000080000000, 0x0000000100000000)
  region size 1024K, 67 young (68608K), 9 survivors (9216K)
 Metaspace       used 114844K, committed 116992K, reserved 1179648K
  class space    used 15584K, committed 16704K, reserved 1048576K
}
Event: 12.630 GC heap after
{Heap after GC invocations=39 (full 0):
 garbage-first heap   total 199680K, used 121590K [0x0000000080000000, 0x0000000100000000)
  region size 1024K, 5 young (5120K), 5 survivors (5120K)
 Metaspace       used 114844K, committed 116992K, reserved 1179648K
  class space    used 15584K, committed 16704K, reserved 1048576K
}
Event: 12.897 GC heap before
{Heap before GC invocations=39 (full 0):
 garbage-first heap   total 199680K, used 180982K [0x0000000080000000, 0x0000000100000000)
  region size 1024K, 64 young (65536K), 5 survivors (5120K)
 Metaspace       used 114961K, committed 117120K, reserved 1179648K
  class space    used 15594K, committed 16704K, reserved 1048576K
}
Event: 12.903 GC heap after
{Heap after GC invocations=40 (full 0):
 garbage-first heap   total 199680K, used 124350K [0x0000000080000000, 0x0000000100000000)
  region size 1024K, 7 young (7168K), 7 survivors (7168K)
 Metaspace       used 114961K, committed 117120K, reserved 1179648K
  class space    used 15594K, committed 16704K, reserved 1048576K
}
Event: 14.815 GC heap before
{Heap before GC invocations=41 (full 0):
 garbage-first heap   total 208896K, used 179646K [0x0000000080000000, 0x0000000100000000)
  region size 1024K, 62 young (63488K), 7 survivors (7168K)
 Metaspace       used 118069K, committed 120192K, reserved 1179648K
  class space    used 15945K, committed 17024K, reserved 1048576K
}
Event: 14.822 GC heap after
{Heap after GC invocations=42 (full 0):
 garbage-first heap   total 208896K, used 128575K [0x0000000080000000, 0x0000000100000000)
  region size 1024K, 7 young (7168K), 7 survivors (7168K)
 Metaspace       used 118069K, committed 120192K, reserved 1179648K
  class space    used 15945K, committed 17024K, reserved 1048576K
}
Event: 16.665 GC heap before
{Heap before GC invocations=42 (full 0):
 garbage-first heap   total 208896K, used 198207K [0x0000000080000000, 0x0000000100000000)
  region size 1024K, 67 young (68608K), 7 survivors (7168K)
 Metaspace       used 118408K, committed 120576K, reserved 1179648K
  class space    used 15970K, committed 17088K, reserved 1048576K
}
Event: 16.685 GC heap after
{Heap after GC invocations=43 (full 0):
 garbage-first heap   total 233472K, used 153597K [0x0000000080000000, 0x0000000100000000)
  region size 1024K, 9 young (9216K), 9 survivors (9216K)
 Metaspace       used 118408K, committed 120576K, reserved 1179648K
  class space    used 15970K, committed 17088K, reserved 1048576K
}
Event: 16.845 GC heap before
{Heap before GC invocations=43 (full 0):
 garbage-first heap   total 233472K, used 162813K [0x0000000080000000, 0x0000000100000000)
  region size 1024K, 20 young (20480K), 9 survivors (9216K)
 Metaspace       used 118673K, committed 120832K, reserved 1179648K
  class space    used 15992K, committed 17088K, reserved 1048576K
}
Event: 16.852 GC heap after
{Heap after GC invocations=44 (full 0):
 garbage-first heap   total 233472K, used 157683K [0x0000000080000000, 0x0000000100000000)
  region size 1024K, 3 young (3072K), 3 survivors (3072K)
 Metaspace       used 118673K, committed 120832K, reserved 1179648K
  class space    used 15992K, committed 17088K, reserved 1048576K
}
Event: 17.613 GC heap before
{Heap before GC invocations=45 (full 0):
 garbage-first heap   total 275456K, used 212979K [0x0000000080000000, 0x0000000100000000)
  region size 1024K, 50 young (51200K), 3 survivors (3072K)
 Metaspace       used 121479K, committed 123648K, reserved 1179648K
  class space    used 16319K, committed 17408K, reserved 1048576K
}
Event: 17.620 GC heap after
{Heap after GC invocations=46 (full 0):
 garbage-first heap   total 275456K, used 161163K [0x0000000080000000, 0x0000000100000000)
  region size 1024K, 7 young (7168K), 7 survivors (7168K)
 Metaspace       used 121479K, committed 123648K, reserved 1179648K
  class space    used 16319K, committed 17408K, reserved 1048576K
}
Event: 19.429 GC heap before
{Heap before GC invocations=46 (full 0):
 garbage-first heap   total 275456K, used 266635K [0x0000000080000000, 0x0000000100000000)
  region size 1024K, 85 young (87040K), 7 survivors (7168K)
 Metaspace       used 122510K, committed 124736K, reserved 1179648K
  class space    used 16413K, committed 17536K, reserved 1048576K
}
Event: 19.440 GC heap after
{Heap after GC invocations=47 (full 0):
 garbage-first heap   total 283648K, used 166835K [0x0000000080000000, 0x0000000100000000)
  region size 1024K, 11 young (11264K), 11 survivors (11264K)
 Metaspace       used 122510K, committed 124736K, reserved 1179648K
  class space    used 16413K, committed 17536K, reserved 1048576K
}

