# JRE version: OpenJDK Runtime Environment (21.0.4) (build 21.0.4+-12508038-b607.1)
# Java VM: OpenJDK 64-Bit Server VM (21.0.4+-12508038-b607.1, mixed mode, tiered, compressed oops, compressed class ptrs, g1 gc, windows-amd64)
GC Precious Log:
 CardTable entry size: 512
 Card Set container configuration: InlinePtr #cards 5 size 8 Array Of Cards #cards 12 size 40 Howl #buckets 4 coarsen threshold 1843 Howl Bitmap #cards 512 size 80 coarsen threshold 460 Card regions per heap region 1 cards per card region 2048
 CPUs: 8 total, 8 available
 Memory: 8029M
 Large Page Support: Disabled
 NUMA Support: Disabled
 Compressed Oops: Enabled (32-bit)
 Heap Region Size: 1M
 Heap Min Capacity: 8M
 Heap Initial Capacity: 126M
 Heap Max Capacity: 2G
 Pre-touch: Disabled
 Parallel Workers: 8
 Concurrent Workers: 2
 Concurrent Refinement Workers: 8
 Periodic GC: Disabled
Heap:
 garbage-first heap   total 187392K, used 135552K [0x0000000080000000, 0x0000000100000000)
  region size 1024K, 21 young (21504K), 5 survivors (5120K)
 Metaspace       used 114796K, committed 116928K, reserved 1179648K
  class space    used 15567K, committed 16640K, reserved 1048576K
GC Heap History (20 events):
Event: 9.180 GC heap before
{Heap before GC invocations=30 (full 0):
 garbage-first heap   total 145408K, used 133629K [0x0000000080000000, 0x0000000100000000)
  region size 1024K, 46 young (47104K), 3 survivors (3072K)
 Metaspace       used 89243K, committed 91136K, reserved 1179648K
  class space    used 11942K, committed 12928K, reserved 1048576K
}
Event: 9.185 GC heap after
{Heap after GC invocations=31 (full 0):
 garbage-first heap   total 145408K, used 91981K [0x0000000080000000, 0x0000000100000000)
  region size 1024K, 6 young (6144K), 6 survivors (6144K)
 Metaspace       used 89243K, committed 91136K, reserved 1179648K
  class space    used 11942K, committed 12928K, reserved 1048576K
}
Event: 9.427 GC heap before
{Heap before GC invocations=32 (full 0):
 garbage-first heap   total 155648K, used 128845K [0x0000000080000000, 0x0000000100000000)
  region size 1024K, 42 young (43008K), 6 survivors (6144K)
 Metaspace       used 89643K, committed 91584K, reserved 1179648K
  class space    used 11997K, committed 12992K, reserved 1048576K
}
Event: 9.433 GC heap after
{Heap after GC invocations=33 (full 0):
 garbage-first heap   total 155648K, used 95355K [0x0000000080000000, 0x0000000100000000)
  region size 1024K, 6 young (6144K), 6 survivors (6144K)
 Metaspace       used 89643K, committed 91584K, reserved 1179648K
  class space    used 11997K, committed 12992K, reserved 1048576K
}
Event: 9.756 GC heap before
{Heap before GC invocations=33 (full 0):
 garbage-first heap   total 155648K, used 138363K [0x0000000080000000, 0x0000000100000000)
  region size 1024K, 49 young (50176K), 6 survivors (6144K)
 Metaspace       used 92933K, committed 94848K, reserved 1179648K
  class space    used 12451K, committed 13440K, reserved 1048576K
}
Event: 9.761 GC heap after
{Heap after GC invocations=34 (full 0):
 garbage-first heap   total 155648K, used 96892K [0x0000000080000000, 0x0000000100000000)
  region size 1024K, 3 young (3072K), 3 survivors (3072K)
 Metaspace       used 92933K, committed 94848K, reserved 1179648K
  class space    used 12451K, committed 13440K, reserved 1048576K
}
Event: 9.796 GC heap before
{Heap before GC invocations=34 (full 0):
 garbage-first heap   total 155648K, used 100988K [0x0000000080000000, 0x0000000100000000)
  region size 1024K, 8 young (8192K), 3 survivors (3072K)
 Metaspace       used 93250K, committed 95232K, reserved 1179648K
  class space    used 12490K, committed 13504K, reserved 1048576K
}
Event: 9.799 GC heap after
{Heap after GC invocations=35 (full 0):
 garbage-first heap   total 187392K, used 96957K [0x0000000080000000, 0x0000000100000000)
  region size 1024K, 3 young (3072K), 3 survivors (3072K)
 Metaspace       used 93250K, committed 95232K, reserved 1179648K
  class space    used 12490K, committed 13504K, reserved 1048576K
}
Event: 10.600 GC heap before
{Heap before GC invocations=36 (full 0):
 garbage-first heap   total 187392K, used 164541K [0x0000000080000000, 0x0000000100000000)
  region size 1024K, 69 young (70656K), 3 survivors (3072K)
 Metaspace       used 98389K, committed 100352K, reserved 1179648K
  class space    used 13389K, committed 14400K, reserved 1048576K
}
Event: 10.604 GC heap after
{Heap after GC invocations=37 (full 0):
 garbage-first heap   total 187392K, used 98371K [0x0000000080000000, 0x0000000100000000)
  region size 1024K, 6 young (6144K), 6 survivors (6144K)
 Metaspace       used 98389K, committed 100352K, reserved 1179648K
  class space    used 13389K, committed 14400K, reserved 1048576K
}
Event: 11.397 GC heap before
{Heap before GC invocations=37 (full 0):
 garbage-first heap   total 187392K, used 170051K [0x0000000080000000, 0x0000000100000000)
  region size 1024K, 76 young (77824K), 6 survivors (6144K)
 Metaspace       used 103205K, committed 105216K, reserved 1179648K
  class space    used 14069K, committed 15104K, reserved 1048576K
}
Event: 11.405 GC heap after
{Heap after GC invocations=38 (full 0):
 garbage-first heap   total 187392K, used 101360K [0x0000000080000000, 0x0000000100000000)
  region size 1024K, 10 young (10240K), 10 survivors (10240K)
 Metaspace       used 103205K, committed 105216K, reserved 1179648K
  class space    used 14069K, committed 15104K, reserved 1048576K
}
Event: 12.134 GC heap before
{Heap before GC invocations=38 (full 0):
 garbage-first heap   total 187392K, used 165872K [0x0000000080000000, 0x0000000100000000)
  region size 1024K, 73 young (74752K), 10 survivors (10240K)
 Metaspace       used 108716K, committed 110784K, reserved 1179648K
  class space    used 14824K, committed 15872K, reserved 1048576K
}
Event: 12.143 GC heap after
{Heap after GC invocations=39 (full 0):
 garbage-first heap   total 187392K, used 105113K [0x0000000080000000, 0x0000000100000000)
  region size 1024K, 9 young (9216K), 9 survivors (9216K)
 Metaspace       used 108716K, committed 110784K, reserved 1179648K
  class space    used 14824K, committed 15872K, reserved 1048576K
}
Event: 12.849 GC heap before
{Heap before GC invocations=40 (full 0):
 garbage-first heap   total 187392K, used 170649K [0x0000000080000000, 0x0000000100000000)
  region size 1024K, 69 young (70656K), 9 survivors (9216K)
 Metaspace       used 113367K, committed 115520K, reserved 1179648K
  class space    used 15440K, committed 16512K, reserved 1048576K
}
Event: 12.862 GC heap after
{Heap after GC invocations=41 (full 0):
 garbage-first heap   total 187392K, used 111197K [0x0000000080000000, 0x0000000100000000)
  region size 1024K, 9 young (9216K), 9 survivors (9216K)
 Metaspace       used 113367K, committed 115520K, reserved 1179648K
  class space    used 15440K, committed 16512K, reserved 1048576K
}
Event: 13.329 GC heap before
{Heap before GC invocations=41 (full 0):
 garbage-first heap   total 187392K, used 167517K [0x0000000080000000, 0x0000000100000000)
  region size 1024K, 64 young (65536K), 9 survivors (9216K)
 Metaspace       used 114780K, committed 116928K, reserved 1179648K
  class space    used 15565K, committed 16640K, reserved 1048576K
}
Event: 13.342 GC heap after
{Heap after GC invocations=42 (full 0):
 garbage-first heap   total 187392K, used 117940K [0x0000000080000000, 0x0000000100000000)
  region size 1024K, 7 young (7168K), 7 survivors (7168K)
 Metaspace       used 114780K, committed 116928K, reserved 1179648K
  class space    used 15565K, committed 16640K, reserved 1048576K
}
Event: 13.515 GC heap before
{Heap before GC invocations=42 (full 0):
 garbage-first heap   total 187392K, used 168116K [0x0000000080000000, 0x0000000100000000)
  region size 1024K, 57 young (58368K), 7 survivors (7168K)
 Metaspace       used 114793K, committed 116928K, reserved 1179648K
  class space    used 15567K, committed 16640K, reserved 1048576K
}
Event: 13.520 GC heap after
{Heap after GC invocations=43 (full 0):
 garbage-first heap   total 187392K, used 120192K [0x0000000080000000, 0x0000000100000000)
  region size 1024K, 5 young (5120K), 5 survivors (5120K)
 Metaspace       used 114793K, committed 116928K, reserved 1179648K
  class space    used 15567K, committed 16640K, reserved 1048576K
}

